<?xml version="1.0" encoding="UTF-8"?>
<!-- Generated by org.testng.reporters.JUnitReportReporter -->
<testsuite hostname="ATMECSINLT-106" name="com.citrix.lbcs.testcase.executor.TestCaseExecutor" tests="1" failures="0" timestamp="10 May 2016 10:43:51 GMT" time="44.120" errors="0">
  <testcase name="testCaseExecutor" time="44.120" classname="com.citrix.lbcs.testcase.executor.TestCaseExecutor"/>
</testsuite> <!-- com.citrix.lbcs.testcase.executor.TestCaseExecutor -->
