<?xml version="1.0" encoding="UTF-8"?>
<!-- Generated by org.testng.reporters.JUnitReportReporter -->
<testsuite hostname="ATMECSINLT-106" name="com.citrix.lbcs.testcase.executor.TestCaseExecutor" tests="1" failures="0" timestamp="9 May 2016 13:06:27 GMT" time="27.951" errors="0">
  <testcase name="testCaseExecutor" time="27.951" classname="com.citrix.lbcs.testcase.executor.TestCaseExecutor"/>
</testsuite> <!-- com.citrix.lbcs.testcase.executor.TestCaseExecutor -->
