<?xml version="1.0" encoding="UTF-8"?>
<!-- Generated by org.testng.reporters.JUnitReportReporter -->
<testsuite hostname="ATMECSINLT-106" name="com.citrix.lbcs.testcase.executor.TestCaseExecutor" tests="1" failures="0" timestamp="9 May 2016 13:17:24 GMT" time="29.650" errors="0">
  <testcase name="testCaseExecutor" time="29.650" classname="com.citrix.lbcs.testcase.executor.TestCaseExecutor"/>
</testsuite> <!-- com.citrix.lbcs.testcase.executor.TestCaseExecutor -->
